build/app/outputs/mapping/release/seeds.txt
com.dexterous.flutterlocalnotifications.models.NotificationDetails: java.lang.String URI
android.support.v4.os.ResultReceiver: android.os.Parcelable$Creator CREATOR
com.google.android.gms.internal.measurement.zzfy: java.lang.String zzE
androidx.appcompat.widget.AppCompatButton
com.google.android.gms.internal.firebase-auth-api.zzim: com.google.android.gms.internal.firebase-auth-api.zzim zzb
com.google.firestore.v1.DocumentTransform$FieldTransform: java.lang.Object transformType_
com.google.android.gms.measurement.internal.AppMeasurementDynamiteService: void getAppInstanceId(com.google.android.gms.internal.measurement.zzcf)
io.grpc.okhttp.internal.framed.HeadersMode: io.grpc.okhttp.internal.framed.HeadersMode valueOf(java.lang.String)
androidx.work.WorkInfo$State: androidx.work.WorkInfo$State[] values()
com.google.firebase.firestore.FirebaseFirestoreException$Code: com.google.firebase.firestore.FirebaseFirestoreException$Code valueOf(java.lang.String)
io.flutter.embedding.engine.FlutterJNI: void onBeginFrame()
android.support.v4.media.MediaMetadataCompat
androidx.appcompat.widget.AppCompatImageView: void setSupportImageTintList(android.content.res.ColorStateList)
androidx.media.AudioAttributesImplApi21Parcelizer: androidx.media.AudioAttributesImplApi21 read(androidx.versionedparcelable.VersionedParcel)
com.google.android.gms.measurement.internal.AppMeasurementDynamiteService: void setDefaultEventParameters(android.os.Bundle)
org.threeten.bp.YearMonth
androidx.lifecycle.ReportFragment$LifecycleCallbacks: void onActivityCreated(android.app.Activity,android.os.Bundle)
com.google.android.gms.internal.measurement.zzex: int zzf
com.onesignal.shortcutbadger.impl.NovaHomeBadger: NovaHomeBadger()
androidx.appcompat.widget.AppCompatTextView
com.google.firestore.v1.DocumentChange: int REMOVED_TARGET_IDS_FIELD_NUMBER
androidx.vectordrawable.graphics.drawable.VectorDrawableCompat$VFullPath: float getStrokeWidth()
androidx.appcompat.view.menu.ActionMenuItemView: void setChecked(boolean)
com.dexterous.flutterlocalnotifications.models.NotificationChannelDetails: java.lang.String LED_COLOR_BLUE
com.google.android.gms.internal.measurement.zzju: com.google.android.gms.internal.measurement.zzjo zza
com.onesignal.FCMIntentJobService: FCMIntentJobService()
com.google.android.gms.internal.firebase-auth-api.zzfr: int zze
androidx.lifecycle.Lifecycle$State: androidx.lifecycle.Lifecycle$State[] values()
com.google.android.gms.internal.measurement.zzfy: java.lang.String zzu
com.google.firebase.firestore.core.OnlineState: com.google.firebase.firestore.core.OnlineState valueOf(java.lang.String)
io.flutter.embedding.android.FlutterSurfaceView
io.flutter.embedding.engine.FlutterJNI: io.flutter.embedding.engine.FlutterJNI$AsyncWaitForVsyncDelegate asyncWaitForVsyncDelegate
com.google.android.gms.internal.firebase-auth-api.zziw: com.google.android.gms.internal.firebase-auth-api.zzaab zzf
androidx.lifecycle.ReportFragment$LifecycleCallbacks: void onActivitySaveInstanceState(android.app.Activity,android.os.Bundle)
com.google.firebase.auth.internal.zzag: android.os.Parcelable$Creator CREATOR
com.google.firestore.bundle.BundledQuery: int queryTypeCase_
com.google.android.gms.internal.firebase-auth-api.zzjt: com.google.android.gms.internal.firebase-auth-api.zzjt zzb
io.flutter.plugin.editing.ImeSyncDeferringInsetsCallback: int access$100(io.flutter.plugin.editing.ImeSyncDeferringInsetsCallback)
com.dexterous.flutterlocalnotifications.models.NotificationDetails: java.lang.Boolean channelShowBadge
androidx.appcompat.widget.AppCompatImageButton: android.graphics.PorterDuff$Mode getSupportBackgroundTintMode()
com.google.protobuf.WireFormat$JavaType: com.google.protobuf.WireFormat$JavaType[] values()
com.google.firestore.v1.DocumentTransform$FieldTransform$ServerValue: com.google.firestore.v1.DocumentTransform$FieldTransform$ServerValue[] values()
androidx.appcompat.widget.AppCompatEditText: android.content.res.ColorStateList getSupportBackgroundTintList()