build/app/outputs/mapping/release/mapping.txt
# compiler: R8
# compiler_version: 2.1.62
# min_api: 21
# pg_map_id: 655b3b5
# common_typos_disable
...
com.google.android.datatransport.cct.internal.AutoValue_ClientInfo -> com.google.android.datatransport.cct.f.e:
    com.google.android.datatransport.cct.internal.AndroidClientInfo androidClientInfo -> b
    com.google.android.datatransport.cct.internal.ClientInfo$ClientType clientType -> a
    com.google.android.datatransport.cct.internal.AndroidClientInfo getAndroidClientInfo() -> b
    com.google.android.datatransport.cct.internal.ClientInfo$ClientType getClientType() -> c
com.google.android.datatransport.cct.internal.AutoValue_ClientInfo$1 -> com.google.android.datatransport.cct.f.e$a:
com.google.android.datatransport.cct.internal.AutoValue_ClientInfo$Builder -> com.google.android.datatransport.cct.f.e$b:
    com.google.android.datatransport.cct.internal.AndroidClientInfo androidClientInfo -> b
    com.google.android.datatransport.cct.internal.ClientInfo$ClientType clientType -> a
    com.google.android.datatransport.cct.internal.ClientInfo build() -> a
    com.google.android.datatransport.cct.internal.ClientInfo$Builder setAndroidClientInfo(com.google.android.datatransport.cct.internal.AndroidClientInfo) -> b
    com.google.android.datatransport.cct.internal.ClientInfo$Builder setClientType(com.google.android.datatransport.cct.internal.ClientInfo$ClientType) -> c
com.google.android.datatransport.cct.internal.AutoValue_LogEvent -> com.google.android.datatransport.cct.f.f:
    long timezoneOffsetSeconds -> f
    long eventTimeMs -> a
    long eventUptimeMs -> c
    byte[] sourceExtension -> d
    java.lang.String sourceExtensionJsonProto3 -> e
    java.lang.Integer eventCode -> b
    com.google.android.datatransport.cct.internal.NetworkConnectionInfo networkConnectionInfo -> g
    java.lang.Integer getEventCode() -> b
    long getEventTimeMs() -> c
    long getEventUptimeMs() -> d
    com.google.android.datatransport.cct.internal.NetworkConnectionInfo getNetworkConnectionInfo() -> e
    byte[] getSourceExtension() -> f
    java.lang.String getSourceExtensionJsonProto3() -> g
    long getTimezoneOffsetSeconds() -> h
com.google.android.datatransport.cct.internal.AutoValue_LogEvent$1 -> com.google.android.datatransport.cct.f.f$a:
com.google.android.datatransport.cct.internal.AutoValue_LogEvent$Builder -> com.google.android.datatransport.cct.f.f$b:
    java.lang.Long eventUptimeMs -> c
    java.lang.Long eventTimeMs -> a
    byte[] sourceExtension -> d
    java.lang.String sourceExtensionJsonProto3 -> e
    java.lang.Integer eventCode -> b
    java.lang.Long timezoneOffsetSeconds -> f
    com.google.android.datatransport.cct.internal.NetworkConnectionInfo networkConnectionInfo -> g
    com.google.android.datatransport.cct.internal.LogEvent build() -> a
    com.google.android.datatransport.cct.internal.LogEvent$Builder setEventCode(java.lang.Integer) -> b
    com.google.android.datatransport.cct.internal.LogEvent$Builder setEventTimeMs(long) -> c
    com.google.android.datatransport.cct.internal.LogEvent$Builder setEventUptimeMs(long) -> d
    com.google.android.datatransport.cct.internal.LogEvent$Builder setNetworkConnectionInfo(com.google.android.datatransport.cct.internal.NetworkConnectionInfo) -> e
    com.google.android.datatransport.cct.internal.LogEvent$Builder setSourceExtension(byte[]) -> f
    com.google.android.datatransport.cct.internal.LogEvent$Builder setSourceExtensionJsonProto3(java.lang.String) -> g
    com.google.android.datatransport.cct.internal.LogEvent$Builder setTimezoneOffsetSeconds(long) -> h