build/app/outputs/mapping/release/usage.txt
androidx.room.util.TableInfo$Column:
    public void <init>(java.lang.String,java.lang.String,boolean,int)
com.google.android.gms.common.internal.safeparcel.SafeParcelable$Reserved
com.onesignal.BundleCompatBundle:
    void <init>(android.os.Bundle)
    void <init>(android.content.Intent)
    public void putInt(java.lang.String,java.lang.Integer)
    public void putBoolean(java.lang.String,java.lang.Boolean)
    public boolean getBoolean(java.lang.String)
    public void setBundle(android.os.Parcelable)
com.google.firebase.messaging.Constants$MessageTypes
com.google.android.gms.internal.measurement.zzdk
androidx.fragment.app.ListFragment
kotlin.sequences.SequencesKt___SequencesKt$runningReduceIndexed$1
com.google.gson.internal.bind.util.ISO8601Utils:
    public void <init>()
    public static java.lang.String format(java.util.Date)
    public static java.lang.String format(java.util.Date,boolean)
    public static java.lang.String format(java.util.Date,boolean,java.util.TimeZone)
    private static void padInt(java.lang.StringBuilder,int,int)
    private static final java.lang.String UTC_ID
okio.RealBufferedSink$1
com.tekartik.sqflite.R
org.checkerframework.checker.nullness.compatqual.NonNullType
io.grpc.okhttp.OkHttpChannelBuilder:
    public static io.grpc.okhttp.OkHttpChannelBuilder forAddress(java.lang.String,int)
    public static io.grpc.okhttp.OkHttpChannelBuilder forAddress(java.lang.String,int,io.grpc.ChannelCredentials)
    public static io.grpc.okhttp.OkHttpChannelBuilder forTarget(java.lang.String,io.grpc.ChannelCredentials)
    private void <init>(java.lang.String,int)
    void <init>(java.lang.String,io.grpc.ChannelCredentials,io.grpc.CallCredentials,javax.net.ssl.SSLSocketFactory)
    static io.grpc.okhttp.OkHttpChannelBuilder$SslSocketFactoryResult sslSocketFactoryFrom(io.grpc.ChannelCredentials)
    static javax.net.ssl.TrustManager[] createTrustManager(byte[])
    io.grpc.okhttp.OkHttpChannelBuilder setTransportTracerFactory(io.grpc.internal.TransportTracer$Factory)
    public io.grpc.okhttp.OkHttpChannelBuilder socketFactory(javax.net.SocketFactory)
    public io.grpc.okhttp.OkHttpChannelBuilder negotiationType(io.grpc.okhttp.NegotiationType)
    public io.grpc.okhttp.OkHttpChannelBuilder keepAliveTimeout(long,java.util.concurrent.TimeUnit)
    public io.grpc.okhttp.OkHttpChannelBuilder flowControlWindow(int)
    public io.grpc.okhttp.OkHttpChannelBuilder keepAliveWithoutCalls(boolean)
    public io.grpc.okhttp.OkHttpChannelBuilder hostnameVerifier(javax.net.ssl.HostnameVerifier)
    public io.grpc.okhttp.OkHttpChannelBuilder connectionSpec(com.squareup.okhttp.ConnectionSpec)
    public io.grpc.okhttp.OkHttpChannelBuilder useTransportSecurity()
com.google.protobuf.FieldInfo$1
androidx.viewpager.R$dimen
io.flutter.app.FlutterApplication
androidx.core.content.ContextCompat$Api19Impl:
    private void <init>()
io.grpc.internal.StatsTraceContext:
    public static io.grpc.internal.StatsTraceContext newServerContext(java.util.List,java.lang.String,io.grpc.Metadata)
    public java.util.List getTracersForTest()
    public io.grpc.Context serverFilterContext(io.grpc.Context)
    public void serverCallStarted(io.grpc.ServerStreamTracer$ServerCallInfo)
com.google.common.reflect.TypeResolver$WildcardCapturer
androidx.loader.content.ModernAsyncTask
com.google.common.collect.SortedMultisetBridge
androidx.core.view.accessibility.AccessibilityManagerCompat$AccessibilityStateChangeListener
androidx.swiperefreshlayout.R$attr
androidx.core.os.ExecutorCompat$HandlerExecutor
kotlin.time.TimedValue
com.google.protobuf.MapFieldLite:
    private static java.lang.Object copy(java.lang.Object)
    static java.util.Map copy(java.util.Map)
    public java.lang.Object put(java.util.Map$Entry)
androidx.sqlite.db.SupportSQLiteOpenHelper$Callback:
    private static final java.lang.String TAG
com.google.firestore.v1.DocumentOrBuilder
com.google.common.cache.LocalCache$WeightedWeakValueReference